<?xml version="1.0" encoding="UTF-8"?>
<!-- Generated by org.testng.reporters.JUnitReportReporter -->
<testsuite skipped="0" hostname="Vivek" name="com.DemoProject.testcases.AmazonSearch" tests="1" failures="0" timestamp="2021-08-09T10:06:34 IST" time="11.357" errors="0">
  <testcase name="findBook" time="11.357" classname="com.DemoProject.testcases.AmazonSearch"/>
  <system-out/>
</testsuite> <!-- com.DemoProject.testcases.AmazonSearch -->
